2024/04/17 17:55:30 [emerg] 1#1: no port in upstream "php.cargo-calculator" in /etc/nginx/conf.d/default.conf:17
2024/04/17 17:55:30 [emerg] 1#1: no port in upstream "php.cargo-calculator" in /etc/nginx/conf.d/default.conf:17
2024/04/17 17:55:30 [emerg] 1#1: no port in upstream "php.cargo-calculator" in /etc/nginx/conf.d/default.conf:17
2024/04/17 17:55:31 [emerg] 1#1: no port in upstream "php.cargo-calculator" in /etc/nginx/conf.d/default.conf:17
2024/04/17 17:55:32 [emerg] 1#1: no port in upstream "php.cargo-calculator" in /etc/nginx/conf.d/default.conf:17
2024/04/17 17:55:33 [emerg] 1#1: no port in upstream "php.cargo-calculator" in /etc/nginx/conf.d/default.conf:17
2024/04/17 17:55:37 [emerg] 1#1: no port in upstream "php.cargo-calculator" in /etc/nginx/conf.d/default.conf:17
2024/04/17 17:55:44 [emerg] 1#1: no port in upstream "php.cargo-calculator" in /etc/nginx/conf.d/default.conf:17
2024/04/17 17:55:57 [emerg] 1#1: no port in upstream "php.cargo-calculator" in /etc/nginx/conf.d/default.conf:17
2024/04/17 17:56:22 [emerg] 1#1: no port in upstream "php.cargo-calculator" in /etc/nginx/conf.d/default.conf:17
2024/04/17 17:56:50 [emerg] 1#1: no port in upstream "php.cargo-calculator" in /etc/nginx/conf.d/default.conf:17
2024/04/17 17:56:50 [emerg] 1#1: no port in upstream "php.cargo-calculator" in /etc/nginx/conf.d/default.conf:17
2024/04/17 17:56:51 [emerg] 1#1: no port in upstream "php.cargo-calculator" in /etc/nginx/conf.d/default.conf:17
2024/04/17 17:56:51 [emerg] 1#1: no port in upstream "php.cargo-calculator" in /etc/nginx/conf.d/default.conf:17
2024/04/17 17:56:52 [emerg] 1#1: no port in upstream "php.cargo-calculator" in /etc/nginx/conf.d/default.conf:17
2024/04/17 17:56:54 [emerg] 1#1: no port in upstream "php.cargo-calculator" in /etc/nginx/conf.d/default.conf:17
2024/04/17 17:56:57 [emerg] 1#1: no port in upstream "php.cargo-calculator" in /etc/nginx/conf.d/default.conf:17
2024/04/17 17:57:04 [emerg] 1#1: no port in upstream "php.cargo-calculator" in /etc/nginx/conf.d/default.conf:17
2024/04/17 17:57:18 [emerg] 1#1: no port in upstream "php.cargo-calculator" in /etc/nginx/conf.d/default.conf:17
2024/04/17 17:58:03 [notice] 1#1: using the "epoll" event method
2024/04/17 17:58:03 [notice] 1#1: nginx/1.25.3
2024/04/17 17:58:03 [notice] 1#1: built by gcc 12.2.1 20220924 (Alpine 12.2.1_git20220924-r10) 
2024/04/17 17:58:03 [notice] 1#1: OS: Linux 6.6.16-linuxkit
2024/04/17 17:58:03 [notice] 1#1: getrlimit(RLIMIT_NOFILE): 1048576:1048576
2024/04/17 17:58:03 [notice] 1#1: start worker processes
2024/04/17 17:58:03 [notice] 1#1: start worker process 29
2024/04/17 17:58:03 [notice] 1#1: start worker process 30
2024/04/17 17:58:03 [notice] 1#1: start worker process 31
2024/04/17 17:58:03 [notice] 1#1: start worker process 32
2024/04/17 18:08:06 [notice] 1#1: using the "epoll" event method
2024/04/17 18:08:06 [notice] 1#1: nginx/1.25.3
2024/04/17 18:08:06 [notice] 1#1: built by gcc 12.2.1 20220924 (Alpine 12.2.1_git20220924-r10) 
2024/04/17 18:08:06 [notice] 1#1: OS: Linux 6.6.16-linuxkit
2024/04/17 18:08:06 [notice] 1#1: getrlimit(RLIMIT_NOFILE): 1048576:1048576
2024/04/17 18:08:06 [notice] 1#1: start worker processes
2024/04/17 18:08:06 [notice] 1#1: start worker process 29
2024/04/17 18:08:06 [notice] 1#1: start worker process 30
2024/04/17 18:08:06 [notice] 1#1: start worker process 31
2024/04/17 18:08:06 [notice] 1#1: start worker process 32
2024/04/17 18:08:32 [notice] 1#1: using the "epoll" event method
2024/04/17 18:08:32 [notice] 1#1: nginx/1.25.3
2024/04/17 18:08:32 [notice] 1#1: built by gcc 12.2.1 20220924 (Alpine 12.2.1_git20220924-r10) 
2024/04/17 18:08:32 [notice] 1#1: OS: Linux 6.6.16-linuxkit
2024/04/17 18:08:32 [notice] 1#1: getrlimit(RLIMIT_NOFILE): 1048576:1048576
2024/04/17 18:08:32 [notice] 1#1: start worker processes
2024/04/17 18:08:32 [notice] 1#1: start worker process 29
2024/04/17 18:08:32 [notice] 1#1: start worker process 30
2024/04/17 18:08:32 [notice] 1#1: start worker process 31
2024/04/17 18:08:32 [notice] 1#1: start worker process 32
2024/04/17 18:52:03 [notice] 1#1: using the "epoll" event method
2024/04/17 18:52:03 [notice] 1#1: nginx/1.25.3
2024/04/17 18:52:03 [notice] 1#1: built by gcc 12.2.1 20220924 (Alpine 12.2.1_git20220924-r10) 
2024/04/17 18:52:03 [notice] 1#1: OS: Linux 6.6.16-linuxkit
2024/04/17 18:52:03 [notice] 1#1: getrlimit(RLIMIT_NOFILE): 1048576:1048576
2024/04/17 18:52:03 [notice] 1#1: start worker processes
2024/04/17 18:52:03 [notice] 1#1: start worker process 28
2024/04/17 18:52:03 [notice] 1#1: start worker process 29
2024/04/17 18:52:03 [notice] 1#1: start worker process 30
2024/04/17 18:52:03 [notice] 1#1: start worker process 31
